Determining size of off64_t failed with the following output:
Change Dir: /Users/devshah/Downloads/opencv-2.4.8/CMakeFiles/CMakeTmp

Run Build Command:/usr/bin/make "cmTryCompileExec3750056344/fast"
/Applications/Xcode.app/Contents/Developer/usr/bin/make -f CMakeFiles/cmTryCompileExec3750056344.dir/build.make CMakeFiles/cmTryCompileExec3750056344.dir/build
/opt/local/bin/cmake -E cmake_progress_report /Users/devshah/Downloads/opencv-2.4.8/CMakeFiles/CMakeTmp/CMakeFiles 1
Building C object CMakeFiles/cmTryCompileExec3750056344.dir/OFF64_T.c.o
/usr/bin/cc   -fsigned-char -W -Werror=return-type -Werror=address -Werror=sequence-point -Wformat -Werror=format-security -Wmissing-declarations -Wmissing-prototypes -Wstrict-prototypes -Wundef -Winit-self -Wpointer-arith -Wshadow -Wsign-promo -Wno-narrowing -Wno-delete-non-virtual-dtor -Wno-unnamed-type-template-args -fdiagnostics-show-option -fno-omit-frame-pointer -msse -msse2 -msse3  -O3 -DNDEBUG   -o CMakeFiles/cmTryCompileExec3750056344.dir/OFF64_T.c.o   -c /Users/devshah/Downloads/opencv-2.4.8/CMakeFiles/CheckTypeSize/OFF64_T.c
/Users/devshah/Downloads/opencv-2.4.8/CMakeFiles/CheckTypeSize/OFF64_T.c:19:12: error: use of undeclared identifier 'off64_t'; did you mean 'off_t'?
  ('0' + ((SIZE / 10000)%10)),
           ^
/Users/devshah/Downloads/opencv-2.4.8/CMakeFiles/CheckTypeSize/OFF64_T.c:17:22: note: expanded from macro 'SIZE'
#define SIZE (sizeof(off64_t))
                     ^
/Users/devshah/Downloads/opencv-2.4.8/CMakeFiles/CheckTypeSize/OFF64_T.c:20:12: error: use of undeclared identifier 'off64_t'; did you mean 'off_t'?
  ('0' + ((SIZE / 1000)%10)),
           ^
/Users/devshah/Downloads/opencv-2.4.8/CMakeFiles/CheckTypeSize/OFF64_T.c:17:22: note: expanded from macro 'SIZE'
#define SIZE (sizeof(off64_t))
                     ^
/Users/devshah/Downloads/opencv-2.4.8/CMakeFiles/CheckTypeSize/OFF64_T.c:21:12: error: use of undeclared identifier 'off64_t'; did you mean 'off_t'?
  ('0' + ((SIZE / 100)%10)),
           ^
/Users/devshah/Downloads/opencv-2.4.8/CMakeFiles/CheckTypeSize/OFF64_T.c:17:22: note: expanded from macro 'SIZE'
#define SIZE (sizeof(off64_t))
                     ^
/Users/devshah/Downloads/opencv-2.4.8/CMakeFiles/CheckTypeSize/OFF64_T.c:22:12: error: use of undeclared identifier 'off64_t'; did you mean 'off_t'?
  ('0' + ((SIZE / 10)%10)),
           ^
/Users/devshah/Downloads/opencv-2.4.8/CMakeFiles/CheckTypeSize/OFF64_T.c:17:22: note: expanded from macro 'SIZE'
#define SIZE (sizeof(off64_t))
                     ^
/Users/devshah/Downloads/opencv-2.4.8/CMakeFiles/CheckTypeSize/OFF64_T.c:23:12: error: use of undeclared identifier 'off64_t'; did you mean 'off_t'?
  ('0' +  (SIZE    % 10)),
           ^
/Users/devshah/Downloads/opencv-2.4.8/CMakeFiles/CheckTypeSize/OFF64_T.c:17:22: note: expanded from macro 'SIZE'
#define SIZE (sizeof(off64_t))
                     ^
5 errors generated.
make[1]: *** [CMakeFiles/cmTryCompileExec3750056344.dir/OFF64_T.c.o] Error 1
make: *** [cmTryCompileExec3750056344/fast] Error 2

/Users/devshah/Downloads/opencv-2.4.8/CMakeFiles/CheckTypeSize/OFF64_T.c:
#include <sys/types.h>
#include <stdint.h>
#include <stddef.h>


#undef KEY
#if defined(__i386)
# define KEY '_','_','i','3','8','6'
#elif defined(__x86_64)
# define KEY '_','_','x','8','6','_','6','4'
#elif defined(__ppc__)
# define KEY '_','_','p','p','c','_','_'
#elif defined(__ppc64__)
# define KEY '_','_','p','p','c','6','4','_','_'
#endif

#define SIZE (sizeof(off64_t))
char info_size[] =  {'I', 'N', 'F', 'O', ':', 's','i','z','e','[',
  ('0' + ((SIZE / 10000)%10)),
  ('0' + ((SIZE / 1000)%10)),
  ('0' + ((SIZE / 100)%10)),
  ('0' + ((SIZE / 10)%10)),
  ('0' +  (SIZE    % 10)),
  ']',
#ifdef KEY
  ' ','k','e','y','[', KEY, ']',
#endif
  '\0'};

#ifdef __CLASSIC_C__
int main(argc, argv) int argc; char *argv[];
#else
int main(int argc, char *argv[])
#endif
{
  int require = 0;
  require += info_size[argc];
  (void)argv;
  return require;
}


Determining if the include file io.h exists failed with the following output:
Change Dir: /Users/devshah/Downloads/opencv-2.4.8/CMakeFiles/CMakeTmp

Run Build Command:/usr/bin/make "cmTryCompileExec1601622998/fast"
/Applications/Xcode.app/Contents/Developer/usr/bin/make -f CMakeFiles/cmTryCompileExec1601622998.dir/build.make CMakeFiles/cmTryCompileExec1601622998.dir/build
/opt/local/bin/cmake -E cmake_progress_report /Users/devshah/Downloads/opencv-2.4.8/CMakeFiles/CMakeTmp/CMakeFiles 1
Building C object CMakeFiles/cmTryCompileExec1601622998.dir/CheckIncludeFile.c.o
/usr/bin/cc   -fsigned-char -W -Werror=return-type -Werror=address -Werror=sequence-point -Wformat -Werror=format-security -Wmissing-declarations -Wmissing-prototypes -Wstrict-prototypes -Wundef -Winit-self -Wpointer-arith -Wshadow -Wsign-promo -Wno-narrowing -Wno-delete-non-virtual-dtor -Wno-unnamed-type-template-args -fdiagnostics-show-option -fno-omit-frame-pointer -msse -msse2 -msse3  -O3 -DNDEBUG   -o CMakeFiles/cmTryCompileExec1601622998.dir/CheckIncludeFile.c.o   -c /Users/devshah/Downloads/opencv-2.4.8/CMakeFiles/CMakeTmp/CheckIncludeFile.c
/Users/devshah/Downloads/opencv-2.4.8/CMakeFiles/CMakeTmp/CheckIncludeFile.c:1:10: fatal error: 'io.h' file not found
#include <io.h>
         ^
1 error generated.
make[1]: *** [CMakeFiles/cmTryCompileExec1601622998.dir/CheckIncludeFile.c.o] Error 1
make: *** [cmTryCompileExec1601622998/fast] Error 2


Determining if the function jbg_newlen exists failed with the following output:
Change Dir: /Users/devshah/Downloads/opencv-2.4.8/CMakeFiles/CMakeTmp

Run Build Command:/usr/bin/make "cmTryCompileExec397724648/fast"
/Applications/Xcode.app/Contents/Developer/usr/bin/make -f CMakeFiles/cmTryCompileExec397724648.dir/build.make CMakeFiles/cmTryCompileExec397724648.dir/build
/opt/local/bin/cmake -E cmake_progress_report /Users/devshah/Downloads/opencv-2.4.8/CMakeFiles/CMakeTmp/CMakeFiles 1
Building C object CMakeFiles/cmTryCompileExec397724648.dir/CheckFunctionExists.c.o
/usr/bin/cc   -fsigned-char -W -Werror=return-type -Werror=address -Werror=sequence-point -Wformat -Werror=format-security -Wmissing-declarations -Wmissing-prototypes -Wstrict-prototypes -Wundef -Winit-self -Wpointer-arith -Wshadow -Wsign-promo -Wno-narrowing -Wno-delete-non-virtual-dtor -Wno-unnamed-type-template-args -fdiagnostics-show-option -fno-omit-frame-pointer -msse -msse2 -msse3 -DCHECK_FUNCTION_EXISTS=jbg_newlen -O3 -DNDEBUG   -o CMakeFiles/cmTryCompileExec397724648.dir/CheckFunctionExists.c.o   -c /opt/local/share/cmake-2.8/Modules/CheckFunctionExists.c
Linking C executable cmTryCompileExec397724648
/opt/local/bin/cmake -E cmake_link_script CMakeFiles/cmTryCompileExec397724648.dir/link.txt --verbose=1
/usr/bin/cc     -fsigned-char -W -Werror=return-type -Werror=address -Werror=sequence-point -Wformat -Werror=format-security -Wmissing-declarations -Wmissing-prototypes -Wstrict-prototypes -Wundef -Winit-self -Wpointer-arith -Wshadow -Wsign-promo -Wno-narrowing -Wno-delete-non-virtual-dtor -Wno-unnamed-type-template-args -fdiagnostics-show-option -fno-omit-frame-pointer -msse -msse2 -msse3 -DCHECK_FUNCTION_EXISTS=jbg_newlen -O3 -DNDEBUG -Wl,-search_paths_first -Wl,-headerpad_max_install_names   CMakeFiles/cmTryCompileExec397724648.dir/CheckFunctionExists.c.o  -o cmTryCompileExec397724648  
Undefined symbols for architecture x86_64:
  "_jbg_newlen", referenced from:
      _main in CheckFunctionExists.c.o
ld: symbol(s) not found for architecture x86_64
clang: error: linker command failed with exit code 1 (use -v to see invocation)
make[1]: *** [cmTryCompileExec397724648] Error 1
make: *** [cmTryCompileExec397724648/fast] Error 2


Determining if the include file linux/videodev.h exists failed with the following output:
Change Dir: /Users/devshah/Downloads/opencv-2.4.8/CMakeFiles/CMakeTmp

Run Build Command:/usr/bin/make "cmTryCompileExec107820850/fast"
/Applications/Xcode.app/Contents/Developer/usr/bin/make -f CMakeFiles/cmTryCompileExec107820850.dir/build.make CMakeFiles/cmTryCompileExec107820850.dir/build
/opt/local/bin/cmake -E cmake_progress_report /Users/devshah/Downloads/opencv-2.4.8/CMakeFiles/CMakeTmp/CMakeFiles 1
Building C object CMakeFiles/cmTryCompileExec107820850.dir/CheckIncludeFile.c.o
/usr/bin/cc   -fsigned-char -W -Werror=return-type -Werror=address -Werror=sequence-point -Wformat -Werror=format-security -Wmissing-declarations -Wmissing-prototypes -Wstrict-prototypes -Wundef -Winit-self -Wpointer-arith -Wshadow -Wsign-promo -Wno-narrowing -Wno-delete-non-virtual-dtor -Wno-unnamed-type-template-args -fdiagnostics-show-option -fno-omit-frame-pointer -msse -msse2 -msse3  -O3 -DNDEBUG   -o CMakeFiles/cmTryCompileExec107820850.dir/CheckIncludeFile.c.o   -c /Users/devshah/Downloads/opencv-2.4.8/CMakeFiles/CMakeTmp/CheckIncludeFile.c
/Users/devshah/Downloads/opencv-2.4.8/CMakeFiles/CMakeTmp/CheckIncludeFile.c:1:10: fatal error: 'linux/videodev.h' file not found
#include <linux/videodev.h>
         ^
1 error generated.
make[1]: *** [CMakeFiles/cmTryCompileExec107820850.dir/CheckIncludeFile.c.o] Error 1
make: *** [cmTryCompileExec107820850/fast] Error 2


Determining if the include file linux/videodev2.h exists failed with the following output:
Change Dir: /Users/devshah/Downloads/opencv-2.4.8/CMakeFiles/CMakeTmp

Run Build Command:/usr/bin/make "cmTryCompileExec2121548126/fast"
/Applications/Xcode.app/Contents/Developer/usr/bin/make -f CMakeFiles/cmTryCompileExec2121548126.dir/build.make CMakeFiles/cmTryCompileExec2121548126.dir/build
/opt/local/bin/cmake -E cmake_progress_report /Users/devshah/Downloads/opencv-2.4.8/CMakeFiles/CMakeTmp/CMakeFiles 1
Building C object CMakeFiles/cmTryCompileExec2121548126.dir/CheckIncludeFile.c.o
/usr/bin/cc   -fsigned-char -W -Werror=return-type -Werror=address -Werror=sequence-point -Wformat -Werror=format-security -Wmissing-declarations -Wmissing-prototypes -Wstrict-prototypes -Wundef -Winit-self -Wpointer-arith -Wshadow -Wsign-promo -Wno-narrowing -Wno-delete-non-virtual-dtor -Wno-unnamed-type-template-args -fdiagnostics-show-option -fno-omit-frame-pointer -msse -msse2 -msse3  -O3 -DNDEBUG   -o CMakeFiles/cmTryCompileExec2121548126.dir/CheckIncludeFile.c.o   -c /Users/devshah/Downloads/opencv-2.4.8/CMakeFiles/CMakeTmp/CheckIncludeFile.c
/Users/devshah/Downloads/opencv-2.4.8/CMakeFiles/CMakeTmp/CheckIncludeFile.c:1:10: fatal error: 'linux/videodev2.h' file not found
#include <linux/videodev2.h>
         ^
1 error generated.
make[1]: *** [CMakeFiles/cmTryCompileExec2121548126.dir/CheckIncludeFile.c.o] Error 1
make: *** [cmTryCompileExec2121548126/fast] Error 2


Determining if the include file sys/videoio.h exists failed with the following output:
Change Dir: /Users/devshah/Downloads/opencv-2.4.8/CMakeFiles/CMakeTmp

Run Build Command:/usr/bin/make "cmTryCompileExec3187146446/fast"
/Applications/Xcode.app/Contents/Developer/usr/bin/make -f CMakeFiles/cmTryCompileExec3187146446.dir/build.make CMakeFiles/cmTryCompileExec3187146446.dir/build
/opt/local/bin/cmake -E cmake_progress_report /Users/devshah/Downloads/opencv-2.4.8/CMakeFiles/CMakeTmp/CMakeFiles 1
Building C object CMakeFiles/cmTryCompileExec3187146446.dir/CheckIncludeFile.c.o
/usr/bin/cc   -fsigned-char -W -Werror=return-type -Werror=address -Werror=sequence-point -Wformat -Werror=format-security -Wmissing-declarations -Wmissing-prototypes -Wstrict-prototypes -Wundef -Winit-self -Wpointer-arith -Wshadow -Wsign-promo -Wno-narrowing -Wno-delete-non-virtual-dtor -Wno-unnamed-type-template-args -fdiagnostics-show-option -fno-omit-frame-pointer -msse -msse2 -msse3  -O3 -DNDEBUG   -o CMakeFiles/cmTryCompileExec3187146446.dir/CheckIncludeFile.c.o   -c /Users/devshah/Downloads/opencv-2.4.8/CMakeFiles/CMakeTmp/CheckIncludeFile.c
/Users/devshah/Downloads/opencv-2.4.8/CMakeFiles/CMakeTmp/CheckIncludeFile.c:1:10: fatal error: 'sys/videoio.h' file not found
#include <sys/videoio.h>
         ^
1 error generated.
make[1]: *** [CMakeFiles/cmTryCompileExec3187146446.dir/CheckIncludeFile.c.o] Error 1
make: *** [cmTryCompileExec3187146446/fast] Error 2


Determining if the include file libavformat/avformat.h exists failed with the following output:
Change Dir: /Users/devshah/Downloads/opencv-2.4.8/CMakeFiles/CMakeTmp

Run Build Command:/usr/bin/make "cmTryCompileExec2976840051/fast"
/Applications/Xcode.app/Contents/Developer/usr/bin/make -f CMakeFiles/cmTryCompileExec2976840051.dir/build.make CMakeFiles/cmTryCompileExec2976840051.dir/build
/opt/local/bin/cmake -E cmake_progress_report /Users/devshah/Downloads/opencv-2.4.8/CMakeFiles/CMakeTmp/CMakeFiles 1
Building C object CMakeFiles/cmTryCompileExec2976840051.dir/CheckIncludeFile.c.o
/usr/bin/cc   -fsigned-char -W -Werror=return-type -Werror=address -Werror=sequence-point -Wformat -Werror=format-security -Wmissing-declarations -Wmissing-prototypes -Wstrict-prototypes -Wundef -Winit-self -Wpointer-arith -Wshadow -Wsign-promo -Wno-narrowing -Wno-delete-non-virtual-dtor -Wno-unnamed-type-template-args -fdiagnostics-show-option -fno-omit-frame-pointer -msse -msse2 -msse3  -O3 -DNDEBUG   -o CMakeFiles/cmTryCompileExec2976840051.dir/CheckIncludeFile.c.o   -c /Users/devshah/Downloads/opencv-2.4.8/CMakeFiles/CMakeTmp/CheckIncludeFile.c
/Users/devshah/Downloads/opencv-2.4.8/CMakeFiles/CMakeTmp/CheckIncludeFile.c:1:10: fatal error: 'libavformat/avformat.h' file not found
#include <libavformat/avformat.h>
         ^
1 error generated.
make[1]: *** [CMakeFiles/cmTryCompileExec2976840051.dir/CheckIncludeFile.c.o] Error 1
make: *** [cmTryCompileExec2976840051/fast] Error 2


Determining if the include file ffmpeg/avformat.h exists failed with the following output:
Change Dir: /Users/devshah/Downloads/opencv-2.4.8/CMakeFiles/CMakeTmp

Run Build Command:/usr/bin/make "cmTryCompileExec4224240135/fast"
/Applications/Xcode.app/Contents/Developer/usr/bin/make -f CMakeFiles/cmTryCompileExec4224240135.dir/build.make CMakeFiles/cmTryCompileExec4224240135.dir/build
/opt/local/bin/cmake -E cmake_progress_report /Users/devshah/Downloads/opencv-2.4.8/CMakeFiles/CMakeTmp/CMakeFiles 1
Building C object CMakeFiles/cmTryCompileExec4224240135.dir/CheckIncludeFile.c.o
/usr/bin/cc   -fsigned-char -W -Werror=return-type -Werror=address -Werror=sequence-point -Wformat -Werror=format-security -Wmissing-declarations -Wmissing-prototypes -Wstrict-prototypes -Wundef -Winit-self -Wpointer-arith -Wshadow -Wsign-promo -Wno-narrowing -Wno-delete-non-virtual-dtor -Wno-unnamed-type-template-args -fdiagnostics-show-option -fno-omit-frame-pointer -msse -msse2 -msse3  -O3 -DNDEBUG   -o CMakeFiles/cmTryCompileExec4224240135.dir/CheckIncludeFile.c.o   -c /Users/devshah/Downloads/opencv-2.4.8/CMakeFiles/CMakeTmp/CheckIncludeFile.c
/Users/devshah/Downloads/opencv-2.4.8/CMakeFiles/CMakeTmp/CheckIncludeFile.c:1:10: fatal error: 'ffmpeg/avformat.h' file not found
#include <ffmpeg/avformat.h>
         ^
1 error generated.
make[1]: *** [CMakeFiles/cmTryCompileExec4224240135.dir/CheckIncludeFile.c.o] Error 1
make: *** [cmTryCompileExec4224240135/fast] Error 2


